

> blend-v1@0.2.32 build /Users/harsh.sharma.001/Documents/Git/juspay-design-system/cloved/packages/blend
> pnpm lint && tsc --p ./tsconfig.json && vite build


> blend-v1@0.2.32 lint /Users/harsh.sharma.001/Documents/Git/juspay-design-system/cloved/packages/blend
> eslint .

[0m[0m
[0m[4m/Users/harsh.sharma.001/Documents/Git/juspay-design-system/cloved/packages/blend/lib/components/DataTable/DataTable.tsx[24m[0m
[0m  [2m186:8[22m  [33mwarning[39m  React Hook useEffect has a missing dependency: 'updateSelectAllState'. Either include it or remove the dependency array  [2mreact-hooks/exhaustive-deps[22m[0m
[0m[0m
[0m[4m/Users/harsh.sharma.001/Documents/Git/juspay-design-system/cloved/packages/blend/lib/components/Menu/Menu.tsx[24m[0m
[0m  [2m15:14[22m  [33mwarning[39m  Fast refresh only works when a file only exports components. Use a new file to share constants or functions between components  [2mreact-refresh/only-export-components[22m[0m
[0m[0m
[0m[4m/Users/harsh.sharma.001/Documents/Git/juspay-design-system/cloved/packages/blend/lib/components/Select/Select.tsx[24m[0m
[0m  [2m17:13[22m  [33mwarning[39m  Fast refresh only works when a file only exports components. Use a new file to share constants or functions between components  [2mreact-refresh/only-export-components[22m[0m
[0m[0m
[0m[4m/Users/harsh.sharma.001/Documents/Git/juspay-design-system/cloved/packages/blend/lib/components/Snackbar/Snackbar.tsx[24m[0m
[0m  [2m104:14[22m  [33mwarning[39m  Fast refresh only works when a file only exports components. Use a new file to share constants or functions between components  [2mreact-refresh/only-export-components[22m[0m
[0m[0m
[0m[4m/Users/harsh.sharma.001/Documents/Git/juspay-design-system/cloved/packages/blend/lib/context/ThemeContext.tsx[24m[0m
[0m  [2m148:14[22m  [33mwarning[39m  Fast refresh only works when a file only exports components. Use a new file to share constants or functions between components  [2mreact-refresh/only-export-components[22m[0m
[0m[0m
[0m[33m[1m✖ 5 problems (0 errors, 5 warnings)[22m[39m[0m
[0m[33m[1m[22m[39m[0m
